# JRE version: Java(TM) SE Runtime Environment (11.0.1+13) (build 11.0.1+13-LTS)
# Java VM: Java HotSpot(TM) 64-Bit Server VM (11.0.1+13-LTS, mixed mode, tiered, compressed oops, g1 gc, windows-amd64)
Heap:
 garbage-first heap   total 183296K, used 23806K [0x0000000084400000, 0x0000000100000000)
  region size 1024K, 8 young (8192K), 8 survivors (8192K)
 Metaspace       used 58522K, capacity 60254K, committed 60284K, reserved 1101824K
  class space    used 7676K, capacity 8380K, committed 8396K, reserved 1048576K
GC Heap History (10 events):
Event: 1.787 GC heap after
{Heap after GC invocations=5 (full 0):
 garbage-first heap   total 126976K, used 12215K [0x0000000084400000, 0x0000000100000000)
  region size 1024K, 5 young (5120K), 5 survivors (5120K)
 Metaspace       used 27846K, capacity 28754K, committed 28924K, reserved 1075200K
  class space    used 3432K, capacity 3789K, committed 3916K, reserved 1048576K
}
Event: 2.473 GC heap before
{Heap before GC invocations=5 (full 0):
 garbage-first heap   total 126976K, used 81847K [0x0000000084400000, 0x0000000100000000)
  region size 1024K, 73 young (74752K), 5 survivors (5120K)
 Metaspace       used 34390K, capacity 35603K, committed 35836K, reserved 1081344K
  class space    used 4407K, capacity 4914K, committed 4940K, reserved 1048576K
}
Event: 2.483 GC heap after
{Heap after GC invocations=6 (full 0):
 garbage-first heap   total 152576K, used 15182K [0x0000000084400000, 0x0000000100000000)
  region size 1024K, 8 young (8192K), 8 survivors (8192K)
 Metaspace       used 34390K, capacity 35603K, committed 35836K, reserved 1081344K
  class space    used 4407K, capacity 4914K, committed 4940K, reserved 1048576K
}
Event: 2.497 GC heap before
{Heap before GC invocations=6 (full 0):
 garbage-first heap   total 152576K, used 16206K [0x0000000084400000, 0x0000000100000000)
  region size 1024K, 10 young (10240K), 8 survivors (8192K)
 Metaspace       used 34609K, capacity 35830K, committed 35964K, reserved 1081344K
  class space    used 4427K, capacity 4947K, committed 5068K, reserved 1048576K
}
Event: 2.507 GC heap after
{Heap after GC invocations=7 (full 0):
 garbage-first heap   total 152576K, used 15302K [0x0000000084400000, 0x0000000100000000)
  region size 1024K, 5 young (5120K), 5 survivors (5120K)
 Metaspace       used 34609K, capacity 35830K, committed 35964K, reserved 1081344K
  class space    used 4427K, capacity 4947K, committed 5068K, reserved 1048576K
}
Event: 2.815 GC heap before
{Heap before GC invocations=8 (full 0):
 garbage-first heap   total 152576K, used 85958K [0x0000000084400000, 0x0000000100000000)
  region size 1024K, 75 young (76800K), 5 survivors (5120K)
 Metaspace       used 37568K, capacity 38880K, committed 39036K, reserved 1083392K
  class space    used 4769K, capacity 5307K, committed 5324K, reserved 1048576K
}
Event: 2.821 GC heap after
{Heap after GC invocations=9 (full 0):
 garbage-first heap   total 152576K, used 16678K [0x0000000084400000, 0x0000000100000000)
  region size 1024K, 7 young (7168K), 7 survivors (7168K)
 Metaspace       used 37568K, capacity 38880K, committed 39036K, reserved 1083392K
  class space    used 4769K, capacity 5307K, committed 5324K, reserved 1048576K
}
Event: 3.766 GC heap before
{Heap before GC invocations=9 (full 0):
 garbage-first heap   total 152576K, used 91430K [0x0000000084400000, 0x0000000100000000)
  region size 1024K, 80 young (81920K), 7 survivors (7168K)
 Metaspace       used 50923K, capacity 52471K, committed 52732K, reserved 1095680K
  class space    used 6565K, capacity 7175K, committed 7244K, reserved 1048576K
}
Event: 3.773 GC heap after
{Heap after GC invocations=10 (full 0):
 garbage-first heap   total 152576K, used 21177K [0x0000000084400000, 0x0000000100000000)
  region size 1024K, 10 young (10240K), 10 survivors (10240K)
 Metaspace       used 50923K, capacity 52471K, committed 52732K, reserved 1095680K
  class space    used 6565K, capacity 7175K, committed 7244K, reserved 1048576K
}
Event: 4.440 GC heap before
{Heap before GC invocations=10 (full 0):
 garbage-first heap   total 152576K, used 71353K [0x0000000084400000, 0x0000000100000000)
  region size 1024K, 60 young (61440K), 10 survivors (10240K)
 Metaspace       used 58522K, capacity 60254K, committed 60284K, reserved 1101824K
  class space    used 7676K, capacity 8380K, committed 8396K, reserved 1048576K
}

